This file contains any messages produced by compilers while
running configure, to aid debugging if configure makes a mistake.

It was created by SU2_EDU configure 1.0.0, which was
generated by GNU Autoconf 2.59.  Invocation command line was

  $ ./configure 

## --------- ##
## Platform. ##
## --------- ##

hostname = Thomass-MacBook-Pro.local
uname -m = x86_64
uname -r = 13.0.0
uname -s = Darwin
uname -v = Darwin Kernel Version 13.0.0: Thu Sep 19 22:22:27 PDT 2013; root:xnu-2422.1.72~6/RELEASE_X86_64

/usr/bin/uname -p = i386
/bin/uname -X     = unknown

/bin/arch              = unknown
/usr/bin/arch -k       = unknown
/usr/convex/getsysinfo = unknown
hostinfo               = Mach kernel version:
	 Darwin Kernel Version 13.0.0: Thu Sep 19 22:22:27 PDT 2013; root:xnu-2422.1.72~6/RELEASE_X86_64
Kernel configured for up to 2 processors.
2 processors are physically available.
2 processors are logically available.
Processor type: i486 (Intel 80486)
Processors active: 0 1
Primary memory available: 8.00 gigabytes
Default processor set: 199 tasks, 866 threads, 2 processors
Load average: 1.80, Mach factor: 0.69
/bin/machine           = unknown
/usr/bin/oslevel       = unknown
/bin/universe          = unknown

PATH: /Developer/NVIDIA/CUDA-5.5/bin
PATH: /usr/local/autotools/bin
PATH: /Users/economon/Library/Enthought/Canopy_64bit/User/bin
PATH: /Applications/Pointwise/PointwiseV17.1R1/macosx/Pointwise.app/Contents/MacOS
PATH: /Applications/Tec360_2013/bin
PATH: /Library/Frameworks/Python.framework/Versions/Current/bin
PATH: /Users/economon/SU2/bin
PATH: /usr/local/openmpi-1.6.3-gnu/bin
PATH: /usr/local/gfortran-4.9/bin
PATH: /usr/bin
PATH: /bin
PATH: /usr/sbin
PATH: /sbin
PATH: /usr/local/bin
PATH: /opt/X11/bin
PATH: /usr/texbin
PATH: /Users/economon/SU2_EDU/bin


## ----------- ##
## Core tests. ##
## ----------- ##

configure:1316: checking for a BSD-compatible install
configure:1371: result: /usr/bin/install -c
configure:1382: checking whether build environment is sane
configure:1425: result: yes
configure:1490: checking for gawk
configure:1519: result: no
configure:1490: checking for mawk
configure:1519: result: no
configure:1490: checking for nawk
configure:1519: result: no
configure:1490: checking for awk
configure:1506: found /usr/bin/awk
configure:1516: result: awk
configure:1526: checking whether make sets $(MAKE)
configure:1546: result: yes
configure:1832: checking for C++ compiler version
configure:1835: g++ --version </dev/null >&5
Configured with: --prefix=/Applications/Xcode.app/Contents/Developer/usr --with-gxx-include-dir=/usr/include/c++/4.2.1
Apple LLVM version 5.0 (clang-500.2.79) (based on LLVM 3.3svn)
Target: x86_64-apple-darwin13.0.0
Thread model: posix
configure:1838: $? = 0
configure:1840: g++ -v </dev/null >&5
Configured with: --prefix=/Applications/Xcode.app/Contents/Developer/usr --with-gxx-include-dir=/usr/include/c++/4.2.1
Apple LLVM version 5.0 (clang-500.2.79) (based on LLVM 3.3svn)
Target: x86_64-apple-darwin13.0.0
Thread model: posix
configure:1843: $? = 0
configure:1845: g++ -V </dev/null >&5
clang: error: argument to '-V' is missing (expected 1 value)
clang: error: no input files
configure:1848: $? = 1
configure:1871: checking for C++ compiler default output file name
configure:1874: g++ -O3 -fPIC -DTIME -DNO_MPI   conftest.cc  >&5
configure:1877: $? = 0
configure:1923: result: a.out
configure:1928: checking whether the C++ compiler works
configure:1934: ./a.out
configure:1937: $? = 0
configure:1954: result: yes
configure:1961: checking whether we are cross compiling
configure:1963: result: no
configure:1966: checking for suffix of executables
configure:1968: g++ -o conftest -O3 -fPIC -DTIME -DNO_MPI   conftest.cc  >&5
configure:1971: $? = 0
configure:1996: result: 
configure:2002: checking for suffix of object files
configure:2023: g++ -c -O3 -fPIC -DTIME -DNO_MPI  conftest.cc >&5
configure:2026: $? = 0
configure:2048: result: o
configure:2052: checking whether we are using the GNU C++ compiler
configure:2076: g++ -c -O3 -fPIC -DTIME -DNO_MPI  conftest.cc >&5
configure:2082: $? = 0
configure:2086: test -z 
			 || test ! -s conftest.err
configure:2089: $? = 0
configure:2092: test -s conftest.o
configure:2095: $? = 0
configure:2108: result: yes
configure:2114: checking whether g++ accepts -g
configure:2135: g++ -c -g  conftest.cc >&5
configure:2141: $? = 0
configure:2145: test -z 
			 || test ! -s conftest.err
configure:2148: $? = 0
configure:2151: test -s conftest.o
configure:2154: $? = 0
configure:2165: result: yes
configure:2207: g++ -c -O3 -fPIC -DTIME -DNO_MPI  conftest.cc >&5
configure:2213: $? = 0
configure:2217: test -z 
			 || test ! -s conftest.err
configure:2220: $? = 0
configure:2223: test -s conftest.o
configure:2226: $? = 0
configure:2252: g++ -c -O3 -fPIC -DTIME -DNO_MPI  conftest.cc >&5
conftest.cc:15:1: error: use of undeclared identifier 'exit'
exit (42);
^
1 error generated.
configure:2258: $? = 1
configure: failed program was:
| /* confdefs.h.  */
| 
| #define PACKAGE_NAME "SU2_EDU"
| #define PACKAGE_TARNAME "SU2_EDU"
| #define PACKAGE_VERSION "1.0.0"
| #define PACKAGE_STRING "SU2_EDU 1.0.0"
| #define PACKAGE_BUGREPORT "susquared-dev@lists.stanford.edu"
| #define PACKAGE "SU2_EDU"
| #define VERSION "1.0.0"
| /* end confdefs.h.  */
| 
| int
| main ()
| {
| exit (42);
|   ;
|   return 0;
| }
configure:2207: g++ -c -O3 -fPIC -DTIME -DNO_MPI  conftest.cc >&5
conftest.cc:11:17: error: use of undeclared identifier 'std'
extern "C" void std::exit (int) throw (); using std::exit;
                ^
conftest.cc:11:49: error: use of undeclared identifier 'std'
extern "C" void std::exit (int) throw (); using std::exit;
                                                ^
2 errors generated.
configure:2213: $? = 1
configure: failed program was:
| /* confdefs.h.  */
| 
| #define PACKAGE_NAME "SU2_EDU"
| #define PACKAGE_TARNAME "SU2_EDU"
| #define PACKAGE_VERSION "1.0.0"
| #define PACKAGE_STRING "SU2_EDU 1.0.0"
| #define PACKAGE_BUGREPORT "susquared-dev@lists.stanford.edu"
| #define PACKAGE "SU2_EDU"
| #define VERSION "1.0.0"
| /* end confdefs.h.  */
| extern "C" void std::exit (int) throw (); using std::exit;
| #include <stdlib.h>
| int
| main ()
| {
| exit (42);
|   ;
|   return 0;
| }
configure:2207: g++ -c -O3 -fPIC -DTIME -DNO_MPI  conftest.cc >&5
conftest.cc:11:17: error: use of undeclared identifier 'std'
extern "C" void std::exit (int); using std::exit;
                ^
conftest.cc:11:40: error: use of undeclared identifier 'std'
extern "C" void std::exit (int); using std::exit;
                                       ^
2 errors generated.
configure:2213: $? = 1
configure: failed program was:
| /* confdefs.h.  */
| 
| #define PACKAGE_NAME "SU2_EDU"
| #define PACKAGE_TARNAME "SU2_EDU"
| #define PACKAGE_VERSION "1.0.0"
| #define PACKAGE_STRING "SU2_EDU 1.0.0"
| #define PACKAGE_BUGREPORT "susquared-dev@lists.stanford.edu"
| #define PACKAGE "SU2_EDU"
| #define VERSION "1.0.0"
| /* end confdefs.h.  */
| extern "C" void std::exit (int); using std::exit;
| #include <stdlib.h>
| int
| main ()
| {
| exit (42);
|   ;
|   return 0;
| }
configure:2207: g++ -c -O3 -fPIC -DTIME -DNO_MPI  conftest.cc >&5
configure:2213: $? = 0
configure:2217: test -z 
			 || test ! -s conftest.err
configure:2220: $? = 0
configure:2223: test -s conftest.o
configure:2226: $? = 0
configure:2252: g++ -c -O3 -fPIC -DTIME -DNO_MPI  conftest.cc >&5
configure:2258: $? = 0
configure:2262: test -z 
			 || test ! -s conftest.err
configure:2265: $? = 0
configure:2268: test -s conftest.o
configure:2271: $? = 0
configure:2305: checking for style of include used by make
configure:2333: result: GNU
configure:2361: checking dependency style of g++
configure:2451: result: gcc3
configure:2509: checking for ranlib
configure:2525: found /usr/bin/ranlib
configure:2536: result: ranlib
configure:2689: creating ./config.status

## ---------------------- ##
## Running config.status. ##
## ---------------------- ##

This file was extended by SU2_EDU config.status 1.0.0, which was
generated by GNU Autoconf 2.59.  Invocation command line was

  CONFIG_FILES    = 
  CONFIG_HEADERS  = 
  CONFIG_LINKS    = 
  CONFIG_COMMANDS = 
  $ ./config.status 

on Thomass-MacBook-Pro.local

config.status:681: creating Makefile
config.status:864: executing depfiles commands
configure:3772: result:

   _____. __    __   ___       _______  _______   __    __
  /     ||  |  |  | |__ \     |   ____||       \ |  |  |  |
 |   (--`|  |  |  |    ) |    |  |__   |  .--.  ||  |  |  |
  \   \  |  |  |  |   / /     |   __|  |  |  |  ||  |  |  |
.--)   | |  `--'  |  / /_     |  |____ |  '--'  ||  `--'  |
|_____/   \______/  |____|    |_______||_______/  \______/

Release 1.0.0 (su2.stanford.edu)

-------------------------------------------------------------------------
| Stanford University Unstructured (SU2).                               |
| Copyright (C) 2012-2013 Aerospace Design Laboratory (ADL).            |
| SU2 is distributed in the hope that it will be useful,                |
| but WITHOUT ANY WARRANTY; without even the implied warranty of        |
| MERCHANTABILITY or FITNESS FOR A PARTICULAR PURPOSE. See the GNU      |
| Lesser General Public License (version 2.1) for more details.         |
-------------------------------------------------------------------------

Build Configuration Summary:

    Source code location: /Users/economon/SU2_EDU
    Install location: 	  /Users/economon/SU2_EDU
    Version:              1.0.0
    Compiler:             g++
    Preprocessor flags:   
    Compiler flags:       -O3 -fPIC -DTIME -DNO_MPI -O3
    Linker flags:         
    MPI support:          no

Please be sure to add the $SU2_EDU_RUN environment variables, and update your $PATH with $SU2_EDU_RUN

Based on the input to this configuration, add these lines to your .bashrc file -

export SU2_EDU_RUN="/Users/economon/SU2_EDU/bin"
export PATH=$PATH:$SU2_EDU_RUN



## ---------------- ##
## Cache variables. ##
## ---------------- ##

ac_cv_cxx_compiler_gnu=yes
ac_cv_env_CPPFLAGS_set=
ac_cv_env_CPPFLAGS_value=
ac_cv_env_CXXFLAGS_set=set
ac_cv_env_CXXFLAGS_value='-O3 -fPIC -DTIME'
ac_cv_env_CXX_set=set
ac_cv_env_CXX_value=g++
ac_cv_env_LDFLAGS_set=
ac_cv_env_LDFLAGS_value=
ac_cv_env_build_alias_set=
ac_cv_env_build_alias_value=
ac_cv_env_host_alias_set=
ac_cv_env_host_alias_value=
ac_cv_env_target_alias_set=
ac_cv_env_target_alias_value=
ac_cv_exeext=
ac_cv_objext=o
ac_cv_path_install='/usr/bin/install -c'
ac_cv_prog_AWK=awk
ac_cv_prog_ac_ct_RANLIB=ranlib
ac_cv_prog_cxx_g=yes
ac_cv_prog_make_make_set=yes
am_cv_CXX_dependencies_compiler_type=gcc3

## ----------------- ##
## Output variables. ##
## ----------------- ##

ACLOCAL='${SHELL} /Users/economon/SU2_EDU/missing --run aclocal-1.9'
AMDEPBACKSLASH='\'
AMDEP_FALSE='#'
AMDEP_TRUE=''
AMTAR='${SHELL} /Users/economon/SU2_EDU/missing --run tar'
AUTOCONF='${SHELL} /Users/economon/SU2_EDU/missing --run autoconf'
AUTOHEADER='${SHELL} /Users/economon/SU2_EDU/missing --run autoheader'
AUTOMAKE='${SHELL} /Users/economon/SU2_EDU/missing --run automake-1.9'
AWK='awk'
CPPFLAGS=''
CXX='g++'
CXXDEPMODE='depmode=gcc3'
CXXFLAGS='-O3 -fPIC -DTIME -DNO_MPI -O3'
CYGPATH_W='echo'
DEFS='-DPACKAGE_NAME=\"SU2_EDU\" -DPACKAGE_TARNAME=\"SU2_EDU\" -DPACKAGE_VERSION=\"1.0.0\" -DPACKAGE_STRING=\"SU2_EDU\ 1.0.0\" -DPACKAGE_BUGREPORT=\"susquared-dev@lists.stanford.edu\" -DPACKAGE=\"SU2_EDU\" -DVERSION=\"1.0.0\" '
DEPDIR='.deps'
ECHO_C='ECHO_N=''
ECHO_T=''
EXEEXT=''
INSTALL_DATA='${INSTALL} -m 644'
INSTALL_PROGRAM='${INSTALL}'
INSTALL_SCRIPT='${INSTALL}'
INSTALL_STRIP_PROGRAM='${SHELL} $(install_sh) -c -s'
LDFLAGS=''
LIBOBJS=''
LIBS=''
LTLIBOBJS=''
MAKEINFO='${SHELL} /Users/economon/SU2_EDU/missing --run makeinfo'
OBJEXT='o'
PACKAGE='SU2_EDU'
PACKAGE_BUGREPORT='susquared-dev@lists.stanford.edu'
PACKAGE_NAME='SU2_EDU'
PACKAGE_STRING='SU2_EDU 1.0.0'
PACKAGE_TARNAME='SU2_EDU'
PACKAGE_VERSION='1.0.0'
PATH_SEPARATOR=':'
RANLIB='ranlib'
SET_MAKE=''
SHELL='/bin/sh'
STRIP=''
VERSION='1.0.0'
ac_ct_CXX=''
ac_ct_RANLIB='ranlib'
ac_ct_STRIP=''
am__fastdepCXX_FALSE='#'
am__fastdepCXX_TRUE=''
am__include='include'
am__leading_dot='.'
am__quote=''
am__tar='${AMTAR} chof - "$$tardir"'
am__untar='${AMTAR} xf -'
bindir='${exec_prefix}/bin'
build_alias=''
datadir='${prefix}/share'
exec_prefix='${prefix}'
host_alias=''
includedir='${prefix}/include'
infodir='${prefix}/info'
install_sh='/Users/economon/SU2_EDU/install-sh'
libdir='${exec_prefix}/lib'
libexecdir='${exec_prefix}/libexec'
localstatedir='${prefix}/var'
mandir='${prefix}/man'
mkdir_p='$(install_sh) -d'
oldincludedir='/usr/include'
prefix='/usr/local'
program_transform_name='s,x,x,'
sbindir='${exec_prefix}/sbin'
sharedstatedir='${prefix}/com'
sysconfdir='${prefix}/etc'
target_alias=''

## ----------- ##
## confdefs.h. ##
## ----------- ##

#define PACKAGE "SU2_EDU"
#define PACKAGE_BUGREPORT "susquared-dev@lists.stanford.edu"
#define PACKAGE_NAME "SU2_EDU"
#define PACKAGE_STRING "SU2_EDU 1.0.0"
#define PACKAGE_TARNAME "SU2_EDU"
#define PACKAGE_VERSION "1.0.0"
#define VERSION "1.0.0"
#endif
#ifdef __cplusplus
extern "C" void exit (int) throw ();

configure: exit 0
